<?xml version="1.0" encoding="UTF-8"?>
<testng-results skipped="0" failed="0" total="1" passed="1">
  <reporter-output>
  </reporter-output>
  <suite name="Default suite" duration-ms="56817" started-at="2020-05-01T13:03:58Z" finished-at="2020-05-01T13:04:55Z">
    <groups>
    </groups>
    <test name="Default test" duration-ms="56817" started-at="2020-05-01T13:03:58Z" finished-at="2020-05-01T13:04:55Z">
      <class name="com.bazinga.pom.Zones.RedGreenOrange">
        <test-method status="PASS" signature="zonesTest()[pri:0, instance:com.bazinga.pom.Zones.RedGreenOrange@3159c4b8]" name="zonesTest" duration-ms="56782" started-at="2020-05-01T18:33:58Z" finished-at="2020-05-01T18:34:55Z">
          <reporter-output>
          </reporter-output>
        </test-method> <!-- zonesTest -->
      </class> <!-- com.bazinga.pom.Zones.RedGreenOrange -->
    </test> <!-- Default test -->
  </suite> <!-- Default suite -->
</testng-results>
