<?xml version="1.0" encoding="UTF-8"?>
<!-- Generated by org.testng.reporters.JUnitXMLReporter -->
<testsuite hostname="L34481WIN" name="Test1" tests="3" failures="0" timestamp="27 Apr 2020 14:37:06 GMT" time="27.706" errors="0">
  <testcase name="Test2" time="15.026" classname="com.bazinga.pom.demo.ParallelTest"/>
  <testcase name="Test1" time="17.939" classname="com.bazinga.pom.demo.ParallelTest"/>
  <testcase name="Test3" time="12.617" classname="com.bazinga.pom.demo.ParallelTest"/>
</testsuite> <!-- Test1 -->
